Getting declarations... 2046 found
(caching disabled)
Checking: Nat... ok
Checking: Nat.zero... ok
Checking: Nat.succ... ok
Checking: Fin... ok
Checking: LT... ok
Checking: LT.mk... ok
Checking: LT.lt... ok
Checking: Nat.le... ok
Checking: Nat.le.refl... ok
Checking: Nat.le.step... ok
Checking: Nat.lt... ok
Checking: instLTNat... ok
Checking: Fin.mk... ok
Checking: Eq... ok
Checking: Eq.refl... ok
Checking: Fin.rec... ok
Checking: Fin.casesOn... ok
Checking: Fin.noConfusionType... ok
Checking: Eq.rec... ok
Checking: Eq.ndrec... ok
Checking: Fin.noConfusion... ok
Checking: Pow... ok
Checking: Pow.mk... ok
Checking: Pow.rec... ok
Checking: Pow.casesOn... ok
Checking: Pow.noConfusionType... ok
Checking: Pow.noConfusion... ok
Checking: UInt8... ok
Checking: BitVec... ok
Checking: outParam... ok
Checking: HPow... ok
Checking: HPow.mk... ok
Checking: HPow.hPow... ok
Checking: Pow.pow... ok
Checking: instHPow... ok
Checking: NatPow... ok
Checking: NatPow.mk... ok
Checking: NatPow.pow... ok
Checking: instPowNat... ok
Checking: Nat.rec... ok
Checking: PUnit... ok
Checking: PUnit.unit... ok
Checking: PProd... ok
Checking: PProd.mk... ok
Checking: Nat.below... ok
Checking: Nat.brecOn.go... ok
Checking: Nat.brecOn... ok
Checking: Unit... ok
Checking: OfNat... ok
Checking: OfNat.mk... ok
Checking: OfNat.ofNat... ok
Checking: instOfNatNat... ok
Checking: Nat.casesOn... ok
Checking: Unit.unit... ok
Checking: Nat.pow.match_1... ok
Checking: Nat.mul.match_1... ok
Checking: Nat.add.match_1... ok
Checking: Nat.add... ok
Checking: Nat.mul... ok
Checking: Nat.pow... ok
Checking: instNatPowNat... ok
Checking: BitVec.ofFin... ok
Checking: UInt8.ofBitVec... ok
Checking: Fin.val... ok
Checking: BitVec.toFin... ok
Checking: BitVec.toNat... ok
Checking: instLTBitVec... ok
Checking: UInt8.toBitVec... ok
Checking: UInt8.lt... ok
Checking: Or... ok
Checking: Or.inl... ok
Checking: Or.inr... ok
Checking: Or.rec... ok
Checking: Or.casesOn... ok
Checking: semiOutParam... ok
Checking: MonadReaderOf... ok
Checking: MonadReaderOf.mk... ok
Checking: MonadReaderOf.read... ok
Checking: EStateM.Backtrackable... ok
Checking: EStateM.Backtrackable.mk... ok
Checking: EStateM.Backtrackable.rec... ok
Checking: EStateM.Backtrackable.casesOn... ok
Checking: EStateM.Backtrackable.noConfusionType... ok
Checking: EStateM.Backtrackable.noConfusion... ok
Checking: True... ok
Checking: True.intro... ok
Checking: Decidable... ok
Checking: False... ok
Checking: Not... ok
Checking: Decidable.isFalse... ok
Checking: Decidable.isTrue... ok
Checking: Decidable.rec... ok
Checking: Decidable.recOn... ok
Checking: Bind... ok
Checking: Bind.mk... ok
Checking: Bind.rec... ok
Checking: Inhabited... ok
Checking: Inhabited.mk... ok
Checking: Inhabited.rec... ok
Checking: Nonempty... ok
Checking: Nonempty.intro... ok
Checking: Nonempty.rec... ok
Checking: List... ok
Checking: List.nil... ok
Checking: List.cons... ok
Checking: List.rec... ok
Checking: List.below... ok
Checking: List.brecOn.go... ok
Checking: List.brecOn... ok
Checking: List.casesOn... ok
Checking: List.flatten.match_1... ok
Checking: List.append.match_1... ok
Checking: List.append... ok
Checking: List.flatten... ok
Checking: List.length.match_1... ok
Checking: List.map... ok
Checking: List.flatMap... ok
Checking: Subtype... ok
Checking: Subtype.mk... ok
Checking: NonemptyType... ok
Checking: Inhabited.default... ok
Checking: instInhabitedNonemptyType... ok
Checking: Lean.Macro.MethodsRefPointed... ok
Checking: BEq... ok
Checking: Bool... ok
Checking: Bool.false... ok
Checking: Bool.true... ok
Checking: BEq.mk... ok
Checking: BEq.rec... ok
Checking: BEq.casesOn... ok
Checking: BEq.noConfusionType... ok
Checking: String... ok
Checking: ByteArray... ok
Checking: Array... ok
Checking: Array.mk... ok
Checking: ByteArray.mk... ok
Checking: ByteArray.IsValidUTF8... ok
Checking: Char... ok
Checking: UInt32... ok
Checking: UInt32.ofBitVec... ok
Checking: And... ok
Checking: And.intro... ok
Checking: Nat.isValidChar... ok
Checking: UInt32.toBitVec... ok
Checking: UInt32.toNat... ok
Checking: UInt32.isValidChar... ok
Checking: Char.mk... ok
Checking: List.toByteArray.match_1... ok
Checking: ByteArray.rec... ok
Checking: ByteArray.casesOn... ok
Checking: ByteArray.push.match_1... ok
Checking: List.concat.match_1... ok
Checking: List.concat... ok
Checking: Array.toList... ok
Checking: Array.push... ok
Checking: ByteArray.push... ok
Checking: List.toByteArray.loop... ok
Checking: Array.emptyWithCapacity... ok
Checking: Array.empty... ok
Checking: ByteArray.emptyWithCapacity... ok
Checking: ByteArray.empty... ok
Checking: List.toByteArray... ok
Checking: Char.val... ok
Checking: Decidable.casesOn... ok
Checking: ite... ok
Checking: LE... ok
Checking: LE.mk... ok
Checking: LE.le... ok
Checking: instLENat... ok
Checking: dite... ok
Checking: Nat.ble.match_1... ok
Checking: Nat.ble... ok
Checking: DecidableEq... ok
Checking: Bool.rec... ok
Checking: Bool.casesOn... ok
Checking: Bool.decEq.match_1... ok
Checking: rfl... ok
Checking: Bool.noConfusionType... ok
Checking: Bool.noConfusion... ok
Checking: Bool.decEq... ok
Checking: instDecidableEqBool... ok
Checking: False.rec... ok
Checking: False.elim... ok
Checking: Eq.casesOn... ok
Checking: HEq... ok
Checking: HEq.refl... ok
Checking: _private.Init.Prelude.0.Nat.le_of_ble_eq_true.match_1_1... ok
Checking: _private.Init.Prelude.0.Nat.zero_le.match_1_1... ok
Checking: Nat.zero_le... ok
Checking: Nat.le.below... ok
Checking: Nat.le.below.refl... ok
Checking: Nat.le.below.step... ok
Checking: Nat.le.rec... ok
Checking: Nat.le.brecOn... ok
Checking: Nat.le.below.rec... ok
Checking: Nat.le.below.casesOn... ok
Checking: Eq.symm... ok
Checking: cast... ok
Checking: HEq.rec... ok
Checking: eq_of_heq... ok
Checking: _private.Init.Prelude.0.Nat.succ_le_succ.match_1_4... ok
Checking: HAdd... ok
Checking: HAdd.mk... ok
Checking: HAdd.hAdd... ok
Checking: Add... ok
Checking: Add.mk... ok
Checking: Add.add... ok
Checking: instHAdd... ok
Checking: instAddNat... ok
Checking: Nat.succ_le_succ... ok
Checking: Nat.le_of_ble_eq_true... ok
Checking: absurd... ok
Checking: _private.Init.Prelude.0.Nat.ble_eq_true_of_le.match_1_4... ok
Checking: _private.Init.Prelude.0.Nat.ble_self_eq_true.match_1_1... ok
Checking: Nat.ble_self_eq_true... ok
Checking: _private.Init.Prelude.0.Nat.ble_succ_eq_true.match_1_1... ok
Checking: Nat.ble_succ_eq_true... ok
Checking: Nat.ble_eq_true_of_le... ok
Checking: Nat.not_le_of_not_ble_eq_true... ok
Checking: Nat.decLe... ok
Checking: HMod... ok
Checking: HMod.mk... ok
Checking: HMod.hMod... ok
Checking: Mod... ok
Checking: Mod.mk... ok
Checking: Mod.mod... ok
Checking: instHMod... ok
Checking: namedPattern... ok
Checking: Nat.mod.match_1... ok
Checking: Nat.decLt... ok
Checking: Nat.le.casesOn... ok
Checking: Nat.noConfusionType... ok
Checking: Nat.noConfusion... ok
Checking: Nat.div.go.match_1... ok
Checking: HSub... ok
Checking: HSub.mk... ok
Checking: HSub.hSub... ok
Checking: Sub... ok
Checking: Sub.mk... ok
Checking: Sub.sub... ok
Checking: instHSub... ok
Checking: Nat.pred... ok
Checking: Nat.sub... ok
Checking: instSubNat... ok
Checking: _private.Init.Prelude.0.Nat.le_trans.match_1_6... ok
Checking: Nat.le_trans... ok
Checking: Nat.lt_of_lt_of_le... ok
Checking: And.rec... ok
Checking: And.casesOn... ok
Checking: _private.Init.Prelude.0.Nat.div_rec_lemma.match_1_1... ok
Checking: _private.Init.Prelude.0.Nat.sub_lt.match_1_1... ok
Checking: _private.Init.Prelude.0.Nat.not_succ_le_self.match_1_1... ok
Checking: _private.Init.Prelude.0.Nat.not_succ_le_zero.match_1_5... ok
Checking: _private.Init.Prelude.0.Nat.not_succ_le_zero.match_1_1... ok
Checking: _private.Init.Prelude.0.Nat.not_succ_le_zero.match_1_3... ok
Checking: Nat.not_succ_le_zero... ok
Checking: _private.Init.Prelude.0.Nat.pred_le_pred.match_1_1... ok
Checking: Nat.le_succ... ok
Checking: Nat.pred_le_pred... ok
Checking: Nat.le_of_succ_le_succ... ok
Checking: Nat.not_succ_le_self... ok
Checking: Nat.lt_irrefl... ok
Checking: Nat.lt_succ_of_le... ok
Checking: Nat.le_refl... ok
Checking: _private.Init.Prelude.0.Nat.pred_le.match_1_1... ok
Checking: Nat.pred_le... ok
Checking: Nat.sub_le... ok
Checking: congrArg... ok
Checking: Nat.succ_sub_succ_eq_sub... ok
Checking: Nat.sub_lt... ok
Checking: Nat.div_rec_lemma... ok
Checking: Nat.le_of_lt_succ... ok
Checking: Nat.div_rec_fuel_lemma... ok
Checking: Nat.modCore.go... ok
Checking: Nat.lt_add_one... ok
Checking: Nat.lt_succ_self... ok
Checking: Nat.modCore... ok
Checking: Nat.mod... ok
Checking: Nat.instMod... ok
Checking: _private.Init.Prelude.0.Nat.mod_lt.match_1_3... ok
Checking: Nat.zero_lt_succ... ok
Checking: _private.Init.Prelude.0.Nat.mod_lt.match_1_1... ok
Checking: _private.Init.Prelude.0.Nat.modCore_lt.match_1_1... ok
Checking: Nat.not_lt_zero... ok
Checking: _private.Init.Prelude.0.Nat.modCoreGo_lt.match_1_1... ok
Checking: _private.Init.Prelude.0.Or.elim.match_1_1... ok
Checking: Or.elim... ok
Checking: id... ok
Checking: Or.resolve_right... ok
Checking: GE.ge... ok
Checking: _private.Init.Prelude.0.Nat.lt_or_ge.match_1_5... ok
Checking: _private.Init.Prelude.0.Nat.lt_or_ge.match_1_3... ok
Checking: Nat.le_succ_of_le... ok
Checking: _private.Init.Prelude.0.Nat.lt_or_ge.match_1_1... ok
Checking: Nat.eq_or_lt_of_le.match_3... ok
Checking: Nat.eq_or_lt_of_le.match_1... ok
Checking: Nat.eq_or_lt_of_le... ok
Checking: Nat.lt_or_ge... ok
Checking: Nat.lt_of_not_le... ok
Checking: Nat.modCoreGo_lt... ok
Checking: Nat.modCore_lt... ok
Checking: Nat.mod_lt... ok
Checking: Fin.Internal.ofNat... ok
Checking: _private.Init.Prelude.0.Nat.pow_pos.match_1_1... ok
Checking: HMul... ok
Checking: HMul.mk... ok
Checking: HMul.hMul... ok
Checking: Mul... ok
Checking: Mul.mk... ok
Checking: Mul.mul... ok
Checking: instHMul... ok
Checking: instMulNat... ok
Checking: _private.Init.Prelude.0.Nat.mul_pos.match_1_1... ok
Checking: _private.Init.Prelude.0.Nat.add_pos_right.match_1_1... ok
Checking: Nat.add_pos_right... ok
Checking: Nat.mul_pos... ok
Checking: Nat.pow_pos... ok
Checking: BitVec.ofNat._proof_1... ok
Checking: BitVec.ofNat... ok
Checking: UInt8.ofNat... ok
Checking: HDiv... ok
Checking: HDiv.mk... ok
Checking: HDiv.hDiv... ok
Checking: Div... ok
Checking: Div.mk... ok
Checking: Div.div... ok
Checking: instHDiv... ok
Checking: Nat.div.go... ok
Checking: Nat.div... ok
Checking: Nat.instDiv... ok
Checking: String.utf8EncodeChar... ok
Checking: List.utf8Encode... ok
Checking: ByteArray.IsValidUTF8.intro... ok
Checking: String.ofByteArray... ok
Checking: Lean.Syntax.SepArray... ok
Checking: Lean.Syntax... ok
Checking: Lean.Syntax.missing... ok
Checking: Lean.SourceInfo... ok
Checking: Substring.Raw... ok
Checking: String.Pos.Raw... ok
Checking: String.Pos.Raw.mk... ok
Checking: Substring.Raw.mk... ok
Checking: Lean.SourceInfo.original... ok
Checking: optParam... ok
Checking: Lean.SourceInfo.synthetic... ok
Checking: Lean.SourceInfo.none... ok
Checking: Lean.Name... ok
Checking: Lean.Name.anonymous... ok
Checking: Lean.Name.str... ok
Checking: Lean.Name.num... ok
Checking: Lean.SyntaxNodeKind... ok
Checking: Lean.Syntax.node... ok
Checking: Lean.Syntax.atom... ok
Checking: Lean.Syntax.Preresolved... ok
Checking: Lean.Syntax.Preresolved.namespace... ok
Checking: Lean.Syntax.Preresolved.decl... ok
Checking: Lean.Syntax.ident... ok
Checking: Lean.Syntax.SepArray.mk... ok
Checking: Lean.Syntax.SepArray.rec... ok
Checking: EStateM.Result... ok
Checking: EStateM.Result.ok... ok
Checking: EStateM.Result.error... ok
Checking: EStateM.Result.rec... ok
Checking: EStateM.Result.casesOn... ok
Checking: EStateM.Result.noConfusionType... ok
Checking: Mul.rec... ok
Checking: Mul.casesOn... ok
Checking: Mul.noConfusionType... ok
Checking: Mul.noConfusion... ok
Checking: Prod... ok
Checking: Prod.mk... ok
Checking: Prod.rec... ok
Checking: Prod.casesOn... ok
Checking: Prod.noConfusionType... ok
Checking: Prod.noConfusion... ok
Checking: Prod.mk.noConfusion... ok
Checking: instInhabitedSort... ok
Checking: Max... ok
Checking: Max.mk... ok
Checking: _private.Init.Prelude.0.Nat.lt_of_le_of_ne.match_1_1... ok
Checking: _private.Init.Prelude.0.Nat.le_antisymm.match_1_1... ok
Checking: Nat.lt_of_le_of_lt... ok
Checking: Nat.le_antisymm... ok
Checking: Nat.lt_of_le_of_ne... ok
Checking: MonadExceptOf... ok
Checking: MonadExceptOf.mk... ok
Checking: Lean.ParserDescr... ok
Checking: Lean.ParserDescr.const... ok
Checking: Lean.ParserDescr.unary... ok
Checking: Lean.ParserDescr.binary... ok
Checking: Lean.ParserDescr.node... ok
Checking: Lean.ParserDescr.trailingNode... ok
Checking: Lean.ParserDescr.symbol... ok
Checking: Lean.ParserDescr.nonReservedSymbol... ok
Checking: Lean.ParserDescr.cat... ok
Checking: Lean.ParserDescr.parser... ok
Checking: Lean.ParserDescr.nodeWithAntiquot... ok
Checking: Lean.ParserDescr.sepBy... ok
Checking: Lean.ParserDescr.sepBy1... ok
Checking: Lean.ParserDescr.unicodeSymbol... ok
Checking: Lean.ParserDescr.rec... ok
Checking: Lean.ParserDescr.below... ok
Checking: Lean.ParserDescr.brecOn.go... ok
Checking: Lean.ParserDescr.brecOn... ok
Checking: Neg... ok
Checking: Neg.mk... ok
Checking: Neg.rec... ok
Checking: Neg.casesOn... ok
Checking: Neg.noConfusionType... ok
Checking: Neg.noConfusion... ok
Checking: Char.rec... ok
Checking: Char.recOn... ok
Checking: MonadFunctor... ok
Checking: MonadFunctor.mk... ok
Checking: MonadFunctor.rec... ok
Checking: MonadFunctor.casesOn... ok
Checking: MonadFunctor.noConfusionType... ok
Checking: cond.match_1... ok
Checking: cond... ok
Checking: PULift... ok
Checking: PULift.up... ok
Checking: Lean.SourceInfo.ctorElimType... ok
Checking: MonadEvalT... ok
Checking: MonadEvalT.mk... ok
Checking: MonadEvalT.rec... ok
Checking: MonadEvalT.casesOn... ok
Checking: MonadEvalT.noConfusionType... ok
Checking: MProd... ok
Checking: MProd.mk... ok
Checking: MProd.rec... ok
Checking: MProd.casesOn... ok
Checking: MProd.noConfusionType... ok
Checking: HShiftLeft... ok
Checking: HShiftLeft.mk... ok
Checking: HEq.rfl... ok
Checking: BitVec.rec... ok
Checking: OrOp... ok
Checking: OrOp.mk... ok
Checking: OrOp.rec... ok
Checking: OrOp.casesOn... ok
Checking: OrOp.noConfusionType... ok
Checking: OrOp.noConfusion... ok
Checking: MonadLift... ok
Checking: MonadLift.mk... ok
Checking: MonadLift.rec... ok
Checking: MonadLift.casesOn... ok
Checking: MonadLift.noConfusionType... ok
Checking: MonadLift.noConfusion... ok
Checking: ByteArray.size.match_1... ok
Checking: List.length... ok
Checking: Array.size... ok
Checking: ByteArray.size... ok
Checking: String.bytes... ok
Checking: String.utf8ByteSize... ok
Checking: String.rawEndPos... ok
Checking: String.toRawSubstring... ok
Checking: String.toRawSubstring'... ok
Checking: Lean.SyntaxNodeKinds... ok
Checking: Lean.TSyntax... ok
Checking: Lean.TSyntax.mk... ok
Checking: Lean.TSyntax.rec... ok
Checking: Lean.TSyntax.casesOn... ok
Checking: Option... ok
Checking: Option.none... ok
Checking: Option.some... ok
Checking: Option.rec... ok
Checking: Option.casesOn... ok
Checking: Option.noConfusionType... ok
Checking: Option.noConfusion... ok
Checking: Option.some.noConfusion... ok
Checking: EStateM... ok
Checking: EStateM.set... ok
Checking: Lean.Syntax.TSepArray... ok
Checking: Lean.Syntax.TSepArray.mk... ok
Checking: Lean.Syntax.TSepArray.rec... ok
Checking: Lean.Syntax.TSepArray.recOn... ok
Checking: <anonymous>... ok
Checking: <anonymous>... ok
Checking: instInhabitedForall... ok
Checking: EStateM.Result.ctorIdx... ok
Checking: EStateM.Result.ctorElimType... ok
Checking: PULift.down... ok
Checking: EStateM.Result.ctorElim... ok
Checking: EStateM.Result.ok.elim... ok
Checking: SMul... ok
Checking: SMul.mk... ok
Checking: SMul.rec... ok
Checking: SMul.casesOn... ok
Checking: SMul.noConfusionType... ok
Checking: SMul.noConfusion... ok
Checking: MonadEvalT.ctorIdx... ok
Checking: String.rec... ok
Checking: String.casesOn... ok
Checking: String.noConfusionType... ok
Checking: Lean.Syntax.SepArray.casesOn... ok
Checking: Lean.Syntax.SepArray.noConfusionType... ok
Checking: Lean.Syntax.SepArray.noConfusion... ok
Checking: Lean.Syntax.SepArray.mk.noConfusion... ok
Checking: HMul.rec... ok
Checking: HMul.casesOn... ok
Checking: HMul.noConfusionType... ok
Checking: Dvd... ok
Checking: Dvd.mk... ok
Checking: Dvd.rec... ok
Checking: Dvd.casesOn... ok
Checking: Dvd.noConfusionType... ok
Checking: EStateM.throw... ok
Checking: EStateM.Backtrackable.save... ok
Checking: EStateM.tryCatch.match_1... ok
Checking: EStateM.Backtrackable.restore... ok
Checking: EStateM.tryCatch... ok
Checking: EStateM.instMonadExceptOfOfBacktrackable... ok
Checking: HAndThen... ok
Checking: HAndThen.mk... ok
Checking: HAndThen.rec... ok
Checking: HAndThen.casesOn... ok
Checking: HAndThen.noConfusionType... ok
Checking: HAndThen.noConfusion... ok
Checking: False.casesOn... ok
Checking: _private.Init.Prelude.0.Lean.SourceInfo.fromRef.match_1... ok
Checking: Lean.SourceInfo.rec... ok
Checking: Lean.SourceInfo.casesOn... ok
Checking: _private.Init.Prelude.0.Lean.SourceInfo.getPos?.match_1... ok
Checking: Lean.SourceInfo.getPos?... ok
Checking: _private.Init.Prelude.0.Lean.Syntax.getHeadInfo?.loop.match_1... ok
Checking: instInhabitedOption... ok
Checking: Lean.Syntax.getHeadInfo?... ok
Checking: Lean.Syntax.getHeadInfo... ok
Checking: Lean.Syntax.getPos?... ok
Checking: Lean.Syntax.getTailPos?... ok
Checking: Lean.SourceInfo.fromRef... ok
Checking: Lean.Name.mkStr4... ok
Checking: Lean.MacroScopesView... ok
Checking: Lean.MacroScope... ok
Checking: Lean.MacroScopesView.mk... ok
Checking: Lean.instInhabitedName... ok
Checking: instInhabitedList... ok
Checking: Lean.instInhabitedMacroScopesView... ok
Checking: OrElse... ok
Checking: OrElse.mk... ok
Checking: OrElse.rec... ok
Checking: OrElse.recOn... ok
Checking: Monad... ok
Checking: Applicative... ok
Checking: Functor... ok
Checking: Functor.mk... ok
Checking: Pure... ok
Checking: Pure.mk... ok
Checking: Seq... ok
Checking: Seq.mk... ok
Checking: SeqLeft... ok
Checking: SeqLeft.mk... ok
Checking: SeqRight... ok
Checking: SeqRight.mk... ok
Checking: Applicative.mk... ok
Checking: Monad.mk... ok
Checking: ReaderT... ok
Checking: Functor.map... ok
Checking: Applicative.toFunctor... ok
Checking: Monad.toApplicative... ok
Checking: Functor.mapConst... ok
Checking: ReaderT.instFunctorOfMonad... ok
Checking: Pure.pure... ok
Checking: Applicative.toPure... ok
Checking: ReaderT.pure... ok
Checking: Seq.seq... ok
Checking: Applicative.toSeq... ok
Checking: SeqLeft.seqLeft... ok
Checking: Applicative.toSeqLeft... ok
Checking: SeqRight.seqRight... ok
Checking: Applicative.toSeqRight... ok
Checking: ReaderT.instApplicativeOfMonad... ok
Checking: Lean.MacroScopesView.rec... ok
Checking: Lean.MacroScopesView.casesOn... ok
Checking: Lean.MacroScopesView.noConfusionType... ok
Checking: Except... ok
Checking: Except.error... ok
Checking: Except.ok... ok
Checking: Except.rec... ok
Checking: Except.recOn... ok
Checking: MonadStateOf... ok
Checking: MonadStateOf.mk... ok
Checking: MonadStateOf.rec... ok
Checking: Lean.reservedMacroScope... ok
Checking: Lean.firstFrontendMacroScope... ok
Checking: MonadStateOf.recOn... ok
Checking: Bind.casesOn... ok
Checking: Bind.noConfusionType... ok
Checking: Lean.TSyntax.raw... ok
Checking: Lean.MonadRef... ok
Checking: Lean.MonadRef.mk... ok
Checking: Lean.MonadQuotation... ok
Checking: Lean.MonadQuotation.mk... ok
Checking: Lean.MonadQuotation.rec... ok
Checking: Lean.MonadQuotation.casesOn... ok
Checking: Lean.MonadQuotation.noConfusionType... ok
Checking: Lean.MonadQuotation.noConfusion... ok
Checking: Lean.MonadQuotation.mk.noConfusion... ok
Checking: AndOp... ok
Checking: AndOp.mk... ok
Checking: HAnd... ok
Checking: HAnd.mk... ok
Checking: AndOp.and... ok
Checking: instHAndOfAndOp... ok
Checking: Add.rec... ok
Checking: Add.casesOn... ok
Checking: Add.noConfusionType... ok
Checking: Add.noConfusion... ok
Checking: Add.mk.noConfusion... ok
Checking: USize... ok
Checking: Subtype.val... ok
Checking: _private.Init.Prelude.0.System.Platform.getNumBits._proof_1... ok
Checking: System.Platform.getNumBits... ok
Checking: System.Platform.numBits... ok
Checking: USize.ofBitVec... ok
Checking: USize.rec... ok
Checking: USize.casesOn... ok
Checking: USize.noConfusionType... ok
Checking: ULift... ok
Checking: ULift.up... ok
Checking: ULift.down... ok
Checking: ULift.up_down... ok
Checking: Functor.ctorIdx... ok
Checking: ULift.rec... ok
Checking: ULift.casesOn... ok
Checking: ULift.noConfusionType... ok
Checking: ULift.noConfusion... ok
Checking: Min... ok
Checking: Min.mk... ok
Checking: Nat.beq.match_1... ok
Checking: Nat.beq... ok
Checking: _private.Init.Prelude.0.noConfusion_of_Nat.aux.match_1_1... ok
Checking: _private.Init.Prelude.0.noConfusion_of_Nat.aux... ok
Checking: noConfusion_of_Nat... ok
Checking: MonadEval... ok
Checking: MonadEval.mk... ok
Checking: MonadEval.rec... ok
Checking: MonadEval.casesOn... ok
Checking: Array.mkArray1... ok
Checking: Nat.brecOn.eq... ok
Checking: EStateM.orElse... ok
Checking: EStateM.instOrElseOfBacktrackable... ok
Checking: Lean.Name.mkStr1... ok
Checking: Lean.numLitKind... ok
Checking: Char.casesOn... ok
Checking: _private.Init.Prelude.0.Char.ext.match_1_1... ok
Checking: Char.ext... ok
Checking: Char.val_ne_of_ne... ok
Checking: MonadFunctorT... ok
Checking: MonadFunctorT.mk... ok
Checking: MonadFunctorT.rec... ok
Checking: MonadFunctorT.casesOn... ok
Checking: MonadFunctorT.noConfusionType... ok
Checking: MonadFunctorT.noConfusion... ok
Checking: UInt64... ok
Checking: UInt64.ofBitVec... ok
Checking: UInt64.size... ok
Checking: BitVec.ofNatLT... ok
Checking: UInt64.ofNatLT... ok
Checking: Decidable.decide... ok
Checking: _private.Init.Prelude.0.of_decide_eq_true.match_1_1... ok
Checking: _private.Init.Prelude.0.ne_true_of_eq_false.match_1_1... ok
Checking: ne_true_of_eq_false... ok
Checking: _private.Init.Prelude.0.decide_eq_false.match_1_1... ok
Checking: decide_eq_false... ok
Checking: of_decide_eq_true... ok
Checking: instInhabitedUInt64._proof_1... ok
Checking: instInhabitedUInt64... ok
Checking: Lean.SourceInfo.ctorIdx... ok
Checking: Nat.decEq.match_1... ok
Checking: _private.Init.Prelude.0.Nat.eq_of_beq_eq_true.match_1_1... ok
Checking: Nat.eq_of_beq_eq_true... ok
Checking: _private.Init.Prelude.0.Nat.ne_of_beq_eq_false.match_1_1... ok
Checking: Nat.ne_of_beq_eq_false... ok
Checking: Nat.decEq... ok
Checking: Lean.SourceInfo.ctorElim... ok
Checking: Lean.SourceInfo.original.elim... ok
Checking: Lean.SourceInfo.synthetic.elim... ok
Checking: Lean.SourceInfo.none.elim... ok
Checking: Lean.SourceInfo.noConfusionType... ok
Checking: NatPow.rec... ok
Checking: NatPow.casesOn... ok
Checking: NatPow.noConfusionType... ok
Checking: Lean.instInhabitedSyntax... ok
Checking: Lean.instInhabitedTSyntax... ok
Checking: PProd.rec... ok
Checking: PProd.casesOn... ok
Checking: PProd.noConfusionType... ok
Checking: PProd.noConfusion... ok
Checking: PProd.mk.noConfusion... ok
Checking: Lean.Syntax.rec_2... ok
Checking: Lean.Syntax.rec_1... ok
Checking: Lean.Syntax.rec... ok
Checking: Lean.Syntax.casesOn... ok
Checking: Lean.Syntax.ctorIdx... ok
Checking: Lean.Syntax.ctorElimType... ok
Checking: Lean.Syntax.ctorElim... ok
Checking: Lean.Syntax.missing.elim... ok
Checking: Lean.Syntax.node.elim... ok
Checking: Lean.Syntax.atom.elim... ok
Checking: Lean.Syntax.ident.elim... ok
Checking: Lean.Syntax.noConfusionType... ok
Checking: Lean.Syntax.noConfusion... ok
Checking: Lean.Syntax.ident.noConfusion... ok
Checking: Array.rec... ok
Checking: Array.casesOn... ok
Checking: String.decEq.match_3... ok
Checking: List.hasDecEq.match_5... ok
Checking: List.hasDecEq._proof_1... ok
Checking: List.noConfusionType... ok
Checking: List.noConfusion... ok
Checking: List.hasDecEq._proof_2... ok
Checking: List.hasDecEq._proof_3... ok
Checking: List.hasDecEq.match_3... ok
Checking: decEq... ok
Checking: List.hasDecEq.match_1... ok
Checking: List.hasDecEq._proof_4... ok
Checking: List.hasDecEq._proof_5... ok
Checking: List.hasDecEq._proof_6... ok
Checking: List.hasDecEq... ok
Checking: instDecidableEqList... ok
Checking: UInt8.rec... ok
Checking: UInt8.casesOn... ok
Checking: UInt8.decEq.match_1... ok
Checking: BitVec.casesOn... ok
Checking: BitVec.decEq.match_1... ok
Checking: instDecidableEqFin.match_1... ok
Checking: instDecidableEqNat... ok
Checking: _private.Init.Prelude.0.Fin.eq_of_val_eq.match_1_1... ok
Checking: Fin.eq_of_val_eq... ok
Checking: Fin.val_eq_of_eq... ok
Checking: instDecidableEqFin._proof_1... ok
Checking: instDecidableEqFin... ok
Checking: BitVec.decEq._proof_1... ok
Checking: BitVec.noConfusionType... ok
Checking: BitVec.noConfusion... ok
Checking: BitVec.decEq._proof_2... ok
Checking: BitVec.decEq... ok
Checking: instDecidableEqBitVec... ok
Checking: UInt8.decEq._proof_1... ok
Checking: UInt8.noConfusionType... ok
Checking: UInt8.noConfusion... ok
Checking: UInt8.decEq._proof_2... ok
Checking: UInt8.decEq... ok
Checking: instDecidableEqUInt8... ok
Checking: String.decEq.match_1... ok
Checking: String.decEq._proof_1... ok
Checking: ByteArray.data... ok
Checking: String.decEq._proof_2... ok
Checking: String.decEq... ok
Checking: Append... ok
Checking: Append.mk... ok
Checking: HAppend... ok
Checking: HAppend.mk... ok
Checking: Append.append... ok
Checking: instHAppendOfAppend... ok
Checking: HShiftRight... ok
Checking: HShiftRight.mk... ok
Checking: HShiftRight.rec... ok
Checking: Zero... ok
Checking: Zero.mk... ok
Checking: Zero.zero... ok
Checking: EStateM.bind.match_1... ok
Checking: EStateM.map... ok
Checking: Function.comp... ok
Checking: Function.const... ok
Checking: EStateM.pure... ok
Checking: EStateM.bind... ok
Checking: EStateM.seqRight... ok
Checking: EStateM.instMonad... ok
Checking: MonadEval.monadEval... ok
Checking: MonadEvalT.monadEval... ok
Checking: instMonadEvalTOfMonadEval... ok
Checking: Membership... ok
Checking: Membership.mk... ok
Checking: Membership.rec... ok
Checking: Membership.casesOn... ok
Checking: Membership.noConfusionType... ok
Checking: Bool.ctorIdx... ok
Checking: Bool.ctorElimType... ok
Checking: Bool.ctorElim... ok
Checking: Bool.false.elim... ok
Checking: SeqRight.rec... ok
Checking: Lean.interpolatedStrLitKind... ok
Checking: HAppend.ctorIdx... ok
Checking: OrOp.recOn... ok
Checking: Lean.Syntax.below... ok
Checking: HShiftLeft.rec... ok
Checking: HDiv.ctorIdx... ok
Checking: MonadFunctorT.mk.noConfusion... ok
Checking: MonadWithReader... ok
Checking: MonadWithReader.mk... ok
Checking: Inhabited.casesOn... ok
Checking: Inhabited.noConfusionType... ok
Checking: MonadState... ok
Checking: MonadState.mk... ok
Checking: MonadState.modifyGet... ok
Checking: SeqLeft.ctorIdx... ok
Checking: _private.Init.Prelude.0.Char.val_eq_of_eq.match_1_1... ok
Checking: Char.val_eq_of_eq... ok
Checking: Char.ne_of_val_ne... ok
Checking: Lean.Syntax.TSepArray.casesOn... ok
Checking: Lean.Syntax.TSepArray.noConfusionType... ok
Checking: Lean.Syntax.TSepArray.noConfusion... ok
Checking: Lean.Syntax.TSepArray.mk.noConfusion... ok
Checking: Seq.rec... ok
Checking: Seq.casesOn... ok
Checking: Complement... ok
Checking: Complement.mk... ok
Checking: Complement.rec... ok
Checking: Complement.recOn... ok
Checking: HomogeneousPow... ok
Checking: HomogeneousPow.mk... ok
Checking: NonemptyType.type... ok
Checking: Lean.ParserDescr.casesOn... ok
Checking: Lean.ParserDescr.ctorIdx... ok
Checking: Lean.ParserDescr.ctorElimType... ok
Checking: Lean.ParserDescr.ctorElim... ok
Checking: Lean.ParserDescr.cat.elim... ok
Checking: HOrElse... ok
Checking: HOrElse.mk... ok
Checking: HOrElse.rec... ok
Checking: HOrElse.recOn... ok
Checking: Lean.MonadRef.rec... ok
Checking: Lean.MonadRef.casesOn... ok
Checking: Lean.Macro.Context... ok
Checking: Lean.Macro.MethodsRef... ok
Checking: Lean.Macro.Context.mk... ok
Checking: Lean.Macro.Context.maxRecDepth... ok
Checking: instLEBitVec... ok
Checking: instLEUInt32... ok
Checking: inferInstanceAs... ok
Checking: instDecidableLeBitVec... ok
Checking: UInt32.decLe... ok
Checking: Complement.casesOn... ok
Checking: Complement.noConfusionType... ok
Checking: _private.Init.Prelude.0.ne_false_of_eq_true.match_1_1... ok
Checking: ne_false_of_eq_true... ok
Checking: Hashable... ok
Checking: Hashable.mk... ok
Checking: Hashable.rec... ok
Checking: Hashable.recOn... ok
Checking: PEmpty... ok
Checking: PEmpty.rec... ok
Checking: PEmpty.casesOn... ok
Checking: HPow.rec... ok
Checking: HPow.recOn... ok
Checking: Lean.Name.rec... ok
Checking: Lean.Name.casesOn... ok
Checking: Lean.Name.appendCore.match_1... ok
Checking: ShiftRight... ok
Checking: ShiftRight.mk... ok
Checking: ShiftRight.shiftRight... ok
Checking: instHShiftRightOfShiftRight... ok
Checking: PUnit.rec... ok
Checking: PUnit.recOn... ok
Checking: Applicative.rec... ok
Checking: Applicative.recOn... ok
Checking: MonadWithReaderOf... ok
Checking: MonadWithReaderOf.mk... ok
Checking: MonadWithReaderOf.ctorIdx... ok
Checking: Nat.ctorIdx... ok
Checking: Nat.ctorElimType... ok
Checking: Nat.ctorElim... ok
Checking: Nat.succ.elim... ok
Checking: Lean.Name.below... ok
Checking: Lean.Name.brecOn.go... ok
Checking: Lean.Name.brecOn... ok
Checking: _private.Init.Prelude.0.Lean.Name.beq.match_1... ok
Checking: Bool.and.match_1... ok
Checking: Bool.and... ok
Checking: BEq.beq... ok
Checking: instBEqOfDecidableEq... ok
Checking: instDecidableEqString... ok
Checking: Lean.Name.beq... ok
Checking: Lean.PrettyPrinter.UnexpandM... ok
Checking: Hashable.hash... ok
Checking: HMul.ctorIdx... ok
Checking: Empty... ok
Checking: Empty.rec... ok
Checking: Empty.casesOn... ok
Checking: Fin.recOn... ok
Checking: HAnd.rec... ok
Checking: HAnd.casesOn... ok
Checking: HAnd.noConfusionType... ok
Checking: ShiftRight.ctorIdx... ok
Checking: Lean.ParserDescr.const.elim... ok
Checking: Lean.ParserDescr.unary.elim... ok
Checking: Lean.ParserDescr.binary.elim... ok
Checking: Lean.ParserDescr.node.elim... ok
Checking: Lean.ParserDescr.trailingNode.elim... ok
Checking: Lean.ParserDescr.symbol.elim... ok
Checking: Lean.ParserDescr.nonReservedSymbol.elim... ok
Checking: Lean.ParserDescr.parser.elim... ok
Checking: Lean.ParserDescr.nodeWithAntiquot.elim... ok
Checking: Lean.ParserDescr.sepBy.elim... ok
Checking: Lean.ParserDescr.sepBy1.elim... ok
Checking: Lean.ParserDescr.unicodeSymbol.elim... ok
Checking: Lean.ParserDescr.noConfusionType... ok
Checking: Lean.ParserDescr.noConfusion... ok
Checking: Lean.ParserDescr.unary.noConfusion... ok
Checking: HOr... ok
Checking: HOr.mk... ok
Checking: HOr.rec... ok
Checking: HOr.casesOn... ok
Checking: HOr.noConfusionType... ok
Checking: HOr.noConfusion... ok
Checking: Lean.Macro.Exception... ok
Checking: Lean.Macro.Exception.error... ok
Checking: Lean.Macro.Exception.unsupportedSyntax... ok
Checking: Lean.Macro.State... ok
Checking: _private.Init.Prelude.0.Lean.Macro.State.mk... ok
Checking: Lean.MacroM... ok
Checking: Subtype.property... ok
Checking: List.get.match_1... ok
Checking: List.get._proof_1... ok
Checking: List.get... ok
Checking: Option.getD.match_1... ok
Checking: MonadState.rec... ok
Checking: MonadState.recOn... ok
Checking: ShiftLeft... ok
Checking: ShiftLeft.mk... ok
Checking: ShiftLeft.rec... ok
Checking: ShiftLeft.casesOn... ok
Checking: ShiftLeft.noConfusionType... ok
Checking: ShiftLeft.noConfusion... ok
Checking: ShiftLeft.mk.noConfusion... ok
Checking: Max.rec... ok
Checking: Max.casesOn... ok
Checking: Max.noConfusionType... ok
Checking: OrElse.casesOn... ok
Checking: OrElse.noConfusionType... ok
Checking: OrElse.noConfusion... ok
Checking: OrElse.mk.noConfusion... ok
Checking: Lean.Macro.Methods... ok
Checking: Lean.Macro.Methods.mk... ok
Checking: Lean.Macro.Methods.expandMacro?... ok
Checking: AndOp.rec... ok
Checking: AndOp.casesOn... ok
Checking: AndOp.noConfusionType... ok
Checking: String.Pos.Raw.rec... ok
Checking: Min.min... ok
Checking: DecidableRel... ok
Checking: minOfLe... ok
Checking: instMinNat... ok
Checking: Array.appendCore.loop.match_1... ok
Checking: Array.getInternal... ok
Checking: Array.extract.loop... ok
Checking: Array.extract... ok
Checking: MonadFunctor.noConfusion... ok
Checking: MonadFunctor.mk.noConfusion... ok
Checking: Trans... ok
Checking: Trans.mk... ok
Checking: Trans.rec... ok
Checking: Trans.recOn... ok
Checking: _private.Init.Prelude.0.Lean.withRef?.match_1... ok
Checking: Bind.bind... ok
Checking: Monad.toBind... ok
Checking: Lean.MonadRef.getRef... ok
Checking: _private.Init.Prelude.0.Lean.replaceRef.match_1... ok
Checking: Lean.replaceRef... ok
Checking: Lean.MonadRef.withRef... ok
Checking: Lean.withRef... ok
Checking: Lean.withRef?... ok
Checking: Subtype.rec... ok
Checking: Subtype.casesOn... ok
Checking: Subtype.noConfusionType... ok
Checking: ShiftLeft.recOn... ok
Checking: Lean.Macro.Methods.rec... ok
Checking: Lean.Macro.Methods.casesOn... ok
Checking: One... ok
Checking: One.mk... ok
Checking: One.rec... ok
Checking: One.casesOn... ok
Checking: EStateM.Result.noConfusion... ok
Checking: Eq.recOn... ok
Checking: Monad.rec... ok
Checking: Monad.casesOn... ok
Checking: HSMul... ok
Checking: HSMul.mk... ok
Checking: HSMul.hSMul... ok
Checking: Lean.Syntax.atom.noConfusion... ok
Checking: AndThen... ok
Checking: AndThen.mk... ok
Checking: AndThen.rec... ok
Checking: AndThen.recOn... ok
Checking: HShiftLeft.casesOn... ok
Checking: HShiftLeft.noConfusionType... ok
Checking: HAppend.hAppend... ok
Checking: Lean.Macro.Exception.ctorElimType... ok
Checking: LT.rec... ok
Checking: LT.recOn... ok
Checking: Lean.Name.ctorIdx... ok
Checking: Lean.Name.ctorElimType... ok
Checking: Lean.Name.ctorElim... ok
Checking: Lean.Name.anonymous.elim... ok
Checking: Lean.Name.str.elim... ok
Checking: Lean.Name.num.elim... ok
Checking: Lean.Name.noConfusionType... ok
Checking: MonadFunctorT.monadMap... ok
Checking: HomogeneousPow.rec... ok
Checking: HomogeneousPow.casesOn... ok
Checking: HomogeneousPow.noConfusionType... ok
Checking: Classical.choice... ok
Checking: inferInstance... ok
Checking: Classical.ofNonempty._proof_1... ok
Checking: Classical.ofNonempty... ok
Checking: Pi.instNonempty... ok
Checking: XorOp... ok
Checking: XorOp.mk... ok
Checking: One.noConfusionType... ok
Checking: One.noConfusion... ok
Checking: One.mk.noConfusion... ok
Checking: Lean.hygieneInfoKind... ok
Checking: Lean.TSyntax.noConfusionType... ok
Checking: Lean.TSyntax.noConfusion... ok
Checking: Neg.ctorIdx... ok
Checking: Sub.rec... ok
Checking: Sub.recOn... ok
Checking: modify... ok
Checking: _private.Init.Prelude.0.Lean.Name.hash.match_1... ok
Checking: _private.Init.Prelude.0.Lean.Name.hash._proof_1... ok
Checking: mixHash... ok
Checking: String.hash... ok
Checking: _private.Init.Prelude.0.Lean.Name.hash._proof_2... ok
Checking: Lean.Name.hash... ok
Checking: Lean.instHashableName... ok
Checking: Inv... ok
Checking: Inv.mk... ok
Checking: Inv.rec... ok
Checking: ULift.recOn... ok
Checking: instDecidableAnd.match_1... ok
Checking: And.right... ok
Checking: instDecidableAnd._proof_1... ok
Checking: And.left... ok
Checking: instDecidableAnd._proof_2... ok
Checking: instDecidableAnd... ok
Checking: Char.noConfusionType... ok
Checking: UInt32.size... ok
Checking: _private.Init.Prelude.0.isValidChar_UInt32.match_1_1... ok
Checking: Nat.lt_trans... ok
Checking: _private.Init.Prelude.0.isValidChar_UInt32... ok
Checking: Char.ofNatAux._private_1... ok
Checking: Char.ofNatAux... ok
Checking: ShiftRight.rec... ok
Checking: ShiftRight.recOn... ok
Checking: HMod.rec... ok
Checking: HMod.casesOn... ok
Checking: HMod.noConfusionType... ok
Checking: HMod.noConfusion... ok
Checking: MonadWithReader.rec... ok
Checking: MonadWithReader.recOn... ok
Checking: instInhabitedRaw... ok
Checking: Lean.Name.mkSimple... ok
Checking: UInt64.rec... ok
Checking: instInhabitedBool.default... ok
Checking: instInhabitedBool... ok
Checking: HMul.recOn... ok
Checking: ReaderT.bind... ok
Checking: ReaderT.instMonad... ok
Checking: MonadStateOf.get... ok
Checking: getThe... ok
Checking: MonadStateOf.set... ok
Checking: MonadStateOf.modifyGet... ok
Checking: instMonadStateOfMonadStateOf... ok
Checking: MonadLiftT... ok
Checking: MonadLiftT.mk... ok
Checking: MonadLiftT.monadLift... ok
Checking: liftM... ok
Checking: MonadLift.monadLift... ok
Checking: instMonadLiftTOfMonadLift... ok
Checking: instMonadLiftT... ok
Checking: instMonadStateOfOfMonadLift... ok
Checking: ReaderT.instMonadLift... ok
Checking: EStateM.get... ok
Checking: EStateM.modifyGet.match_1... ok
Checking: EStateM.modifyGet... ok
Checking: EStateM.instMonadStateOf... ok
Checking: Lean.Macro.State.macroScope... ok
Checking: Lean.Macro.State.traceMsgs... ok
Checking: _private.Init.Prelude.0.Lean.Macro.State.expandedMacroDecls... ok
Checking: MonadWithReader.withReader... ok
Checking: MonadWithReaderOf.withReader... ok
Checking: withTheReader... ok
Checking: instMonadWithReaderOfMonadWithReaderOf... ok
Checking: instMonadWithReaderOfReaderT... ok
Checking: Lean.Macro.Context.methods... ok
Checking: Lean.Macro.Context.quotContext... ok
Checking: Lean.Macro.Context.currRecDepth... ok
Checking: Lean.Macro.Context.ref... ok
Checking: Lean.Macro.withFreshMacroScope... ok
Checking: UInt32.rec... ok
Checking: UInt32.casesOn... ok
Checking: UInt32.decEq.match_1... ok
Checking: Lean.MacroScopesView.noConfusion... ok
Checking: Applicative.casesOn... ok
Checking: Applicative.noConfusionType... ok
Checking: Decidable.noConfusionType... ok
Checking: Decidable.noConfusion... ok
Checking: HDiv.rec... ok
Checking: HDiv.recOn... ok
Checking: Lean.hexnumKind... ok
Checking: Char.noConfusion... ok
Checking: Lean.Name.hasMacroScopes.match_1... ok
Checking: Lean.Name.hasMacroScopes... ok
Checking: HAdd.rec... ok
Checking: HAdd.casesOn... ok
Checking: AndThen.casesOn... ok
Checking: AndThen.noConfusionType... ok
Checking: UInt8.le... ok
Checking: instLEUInt8... ok
Checking: Lean.Name.noConfusion... ok
Checking: Lean.Name.num.noConfusion... ok
Checking: USize.decEq.match_1... ok
Checking: USize.decEq._proof_1... ok
Checking: USize.noConfusion... ok
Checking: USize.decEq._proof_2... ok
Checking: USize.decEq... ok
Checking: Lean.Macro.Exception.rec... ok
Checking: Lean.Macro.Exception.casesOn... ok
Checking: Lean.Macro.Exception.ctorIdx... ok
Checking: Lean.Macro.Exception.ctorElim... ok
Checking: Div.rec... ok
Checking: Div.recOn... ok
Checking: PLift... ok
Checking: PLift.up... ok
Checking: PLift.rec... ok
Checking: PLift.casesOn... ok
Checking: Lean.Syntax.below_1... ok
Checking: Lean.Syntax.below_2... ok
Checking: Lean.Syntax.brecOn_1.go... ok
Checking: Lean.Syntax.brecOn_1... ok
Checking: instMonadEvalT... ok
Checking: Or.recOn... ok
Checking: HShiftRight.ctorIdx... ok
Checking: MonadStateOf.ctorIdx... ok
Checking: MonadReaderOf.rec... ok
Checking: MonadReaderOf.casesOn... ok
Checking: MonadReaderOf.noConfusionType... ok
Checking: MonadReaderOf.noConfusion... ok
Checking: MonadReaderOf.mk.noConfusion... ok
Checking: Lean.Syntax.SepArray.recOn... ok
Checking: Trans.trans... ok
Checking: Array.mkArray8... ok
Checking: Lean.Syntax.node8... ok
Checking: Seq.recOn... ok
Checking: Lean.nameLitKind... ok
Checking: Lean.strLitKind... ok
Checking: Sub.ctorIdx... ok
Checking: HSub.rec... ok
Checking: HSub.casesOn... ok
Checking: HSub.noConfusionType... ok
Checking: HSub.noConfusion... ok
Checking: HSub.mk.noConfusion... ok
Checking: Lean.ParserDescr.binary.noConfusion... ok
Checking: HomogeneousPow.noConfusion... ok
Checking: UInt16... ok
Checking: UInt16.ofBitVec... ok
Checking: UInt16.rec... ok
Checking: UInt16.casesOn... ok
Checking: UInt16.noConfusionType... ok
Checking: UInt16.noConfusion... ok
Checking: UInt16.ofBitVec.noConfusion... ok
Checking: congr... ok
Checking: Except.casesOn... ok
Checking: Except.noConfusionType... ok
Checking: Except.noConfusion... ok
Checking: String.Pos.Raw.recOn... ok
Checking: SeqRight.recOn... ok
Checking: MonadExceptOf.tryCatch... ok
Checking: tryCatchThe... ok
Checking: Min.ctorIdx... ok
Checking: _private.Init.Prelude.0.Lean.Syntax.setKind.match_1... ok
Checking: Lean.Syntax.getNumArgs... ok
Checking: Bool.dcond.match_1... ok
Checking: MonadReader... ok
Checking: MonadReader.mk... ok
Checking: MonadReader.read... ok
Checking: readThe... ok
Checking: instMonadReaderOfMonadReaderOf... ok
Checking: ReaderT.read... ok
Checking: instMonadReaderOfReaderTOfMonad... ok
Checking: Lean.Macro.Context.currMacroScope... ok
Checking: Lean.Macro.instMonadRefMacroM... ok
Checking: Lean.Macro.instMonadQuotationMacroM... ok
Checking: UInt16.decEq.match_1... ok
Checking: MonadReader.ctorIdx... ok
Checking: MonadStateOf.casesOn... ok
Checking: LE.rec... ok
Checking: LE.casesOn... ok
Checking: AndThen.noConfusion... ok
Checking: instLTFin... ok
Checking: Fin.decLt... ok
Checking: maxOfLe... ok
Checking: Eq.trans... ok
Checking: Or.intro_left... ok
Checking: Sub.casesOn... ok
Checking: Sub.noConfusionType... ok
Checking: instMaxUInt32... ok
Checking: Lean.Macro.Exception.error.elim... ok
Checking: Lean.MonadQuotation.getContext... ok
Checking: Lean.MonadQuotation.getCurrMacroScope... ok
Checking: _private.Init.Prelude.0.Lean.extractMacroScopesAux.match_1... ok
Checking: _private.Init.Prelude.0.Lean.extractImported.match_1... ok
Checking: _private.Init.Prelude.0.Lean.assembleParts.match_1... ok
Checking: Lean.Name.mkStr... ok
Checking: Lean.Name.mkNum... ok
Checking: panicCore... ok
Checking: panic... ok
Checking: _private.Init.Prelude.0.Lean.assembleParts... ok
Checking: _private.Init.Prelude.0.Lean.extractImported... ok
Checking: _private.Init.Prelude.0.Lean.extractMainModule... ok
Checking: _private.Init.Prelude.0.Lean.extractMacroScopesAux... ok
Checking: Lean.extractMacroScopes... ok
Checking: Lean.Name.instBEq... ok
Checking: Lean.MacroScopesView.ctx... ok
Checking: _private.Init.Prelude.0.Lean.MacroScopesView.review.match_1... ok
Checking: Lean.MacroScopesView.scopes... ok
Checking: Lean.MacroScopesView.name... ok
Checking: Lean.Name.appendCore... ok
Checking: Lean.MacroScopesView.imported... ok
Checking: List.foldl.match_1... ok
Checking: List.foldl... ok
Checking: Lean.MacroScopesView.review... ok
Checking: Lean.addMacroScope... ok
Checking: Lean.MonadQuotation.addMacroScope... ok
Checking: HomogeneousPow.recOn... ok
Checking: Inhabited.noConfusion... ok
Checking: Pi.instInhabited... ok
Checking: instInhabitedReaderT... ok
Checking: instInhabitedOfMonad... ok
Checking: Lean.Macro.instInhabitedMethods.default... ok
Checking: Lean.Macro.instInhabitedMethods... ok
Checking: DecidablePred... ok
Checking: Lean.MonadRef.noConfusionType... ok
Checking: String.Pos.Raw.casesOn... ok
Checking: String.Pos.Raw.noConfusionType... ok
Checking: String.Pos.Raw.noConfusion... ok
Checking: String.Pos.Raw.mk.noConfusion... ok
Checking: instDecidableLtBitVec... ok
Checking: Min.rec... ok
Checking: Min.casesOn... ok
Checking: Min.noConfusionType... ok
Checking: Min.noConfusion... ok
Checking: instInhabitedRaw_1... ok
Checking: MonadState.casesOn... ok
Checking: MonadState.noConfusionType... ok
Checking: MonadState.noConfusion... ok
Checking: MonadState.mk.noConfusion... ok
Checking: Append.ctorIdx... ok
Checking: PProd.snd... ok
Checking: Lean.MacroScopesView.mk.noConfusion... ok
Checking: modifyGetThe... ok
Checking: Pure.rec... ok
Checking: Pure.casesOn... ok
Checking: Pure.noConfusionType... ok
Checking: Pure.noConfusion... ok
Checking: MonadExcept... ok
Checking: MonadExcept.mk... ok
Checking: MonadExcept.throw... ok
Checking: MonadExceptOf.throw... ok
Checking: throwThe... ok
Checking: instMonadExceptOfMonadExceptOf... ok
Checking: ReaderT.instMonadExceptOf... ok
Checking: EStateM.dummySave... ok
Checking: EStateM.dummyRestore... ok
Checking: EStateM.nonBacktrackable... ok
Checking: Lean.Macro.throwUnsupported... ok
Checking: Lean.ParserDescr.nodeWithAntiquot.noConfusion... ok
Checking: GT.gt... ok
Checking: Div.casesOn... ok
Checking: PULift.up_down... ok
Checking: _private.Init.Prelude.0.of_decide_eq_self_eq_true.match_1_1... ok
Checking: of_decide_eq_self_eq_true... ok
Checking: HAnd.hAnd... ok
Checking: UInt32.ofNatLT... ok
Checking: Char.utf8Size._proof_1... ok
Checking: Char.utf8Size._proof_2... ok
Checking: Char.utf8Size._proof_3... ok
Checking: Char.utf8Size... ok
Checking: HXor... ok
Checking: HXor.mk... ok
Checking: HXor.rec... ok
Checking: HXor.casesOn... ok
Checking: HXor.noConfusionType... ok
Checking: HXor.noConfusion... ok
Checking: Lean.maxRecDepthErrorMessage... ok
Checking: Lean.Macro.withIncRecDepth... ok
Checking: ByteArray.noConfusionType... ok
Checking: ByteArray.noConfusion... ok
Checking: ByteArray.mk.noConfusion... ok
Checking: _private.Init.Prelude.0.Lean.Syntax.matchesLit.match_1... ok
Checking: Array.getD... ok
Checking: Lean.Syntax.matchesLit... ok
Checking: Lean.Macro.Methods.noConfusionType... ok
Checking: Zero.rec... ok
Checking: Zero.recOn... ok
Checking: Zero.casesOn... ok
Checking: Zero.noConfusionType... ok
Checking: Zero.noConfusion... ok
Checking: Lean.Macro.Methods.noConfusion... ok
Checking: Lean.Macro.Methods.mk.noConfusion... ok
Checking: Nat.succ.noConfusion... ok
Checking: PLift.recOn... ok
Checking: Min.mk.noConfusion... ok
Checking: Max.noConfusion... ok
Checking: Array.appendCore.loop... ok
Checking: Array.appendCore... ok
Checking: Neg.mk.noConfusion... ok
Checking: MonadWithReaderOf.rec... ok
Checking: MonadWithReaderOf.casesOn... ok
Checking: MonadWithReaderOf.noConfusionType... ok
Checking: MonadWithReaderOf.noConfusion... ok
Checking: Functor.rec... ok
Checking: Functor.casesOn... ok
Checking: Functor.noConfusionType... ok
Checking: UInt16.size... ok
Checking: UInt16.ofNatLT... ok
Checking: SeqLeft.rec... ok
Checking: SeqLeft.casesOn... ok
Checking: SeqLeft.noConfusionType... ok
Checking: SeqLeft.noConfusion... ok
Checking: SeqLeft.mk.noConfusion... ok
Checking: Div.ctorIdx... ok
Checking: DecidableLE... ok
Checking: USize.ctorIdx... ok
Checking: Lean.Syntax.TSepArray.ctorIdx... ok
Checking: Zero.ctorIdx... ok
Checking: Functor.recOn... ok
Checking: PProd.recOn... ok
Checking: instTransEq_1... ok
Checking: Lean.Macro.Exception.noConfusionType... ok
Checking: Pow.mk.noConfusion... ok
Checking: MProd.noConfusion... ok
Checking: MProd.mk.noConfusion... ok
Checking: Substring.Raw.rec... ok
Checking: Substring.Raw.casesOn... ok
Checking: Substring.Raw.bsize.match_1... ok
Checking: String.Pos.Raw.byteIdx... ok
Checking: Substring.Raw.bsize... ok
Checking: Membership.recOn... ok
Checking: USize.size... ok
Checking: _private.Init.Prelude.0.USize.size_pos.match_1_1... ok
Checking: _private.Init.Prelude.0.USize.size_eq.match_1_1... ok
Checking: System.Platform.numBits_eq... ok
Checking: USize.size_eq... ok
Checking: USize.size_pos... ok
Checking: Mod.rec... ok
Checking: Mod.casesOn... ok
Checking: modifyThe... ok
Checking: Lean.Macro.getMethods... ok
Checking: HAppend.rec... ok
Checking: HAppend.casesOn... ok
Checking: HAppend.noConfusionType... ok
Checking: HAppend.noConfusion... ok
Checking: MonadReader.rec... ok
Checking: Pow.ctorIdx... ok
Checking: LE.noConfusionType... ok
Checking: LE.noConfusion... ok
Checking: LE.mk.noConfusion... ok
Checking: Lean.mkAtomFrom... ok
Checking: Array.mkArray6... ok
Checking: Lean.Syntax.node6... ok
Checking: AndOp.noConfusion... ok
Checking: AndOp.mk.noConfusion... ok
Checking: UInt32.noConfusionType... ok
Checking: Option.getD... ok
Checking: UInt64.casesOn... ok
Checking: UInt64.decEq.match_1... ok
Checking: sorryAx... ok
Checking: Pure.ctorIdx... ok
Checking: XorOp.rec... ok
Checking: XorOp.casesOn... ok
Checking: XorOp.noConfusionType... ok
Checking: XorOp.noConfusion... ok
Checking: XorOp.mk.noConfusion... ok
Checking: Option.ctorIdx... ok
Checking: Option.ctorElimType... ok
Checking: Option.ctorElim... ok
Checking: HAndThen.ctorIdx... ok
Checking: Lean.interpolatedStrKind... ok
Checking: List.ctorIdx... ok
Checking: ByteArray.recOn... ok
Checking: NatPow.noConfusion... ok
Checking: HSMul.rec... ok
Checking: HShiftLeft.ctorIdx... ok
Checking: One.ctorIdx... ok
Checking: Inv.casesOn... ok
Checking: Lean.Macro.throwError... ok
Checking: Pure.recOn... ok
Checking: ReaderT.run... ok
Checking: Lean.ParserDescr.const.noConfusion... ok
Checking: Lean.TSyntax.mk.noConfusion... ok
Checking: HPow.casesOn... ok
Checking: HPow.noConfusionType... ok
Checking: _private.Init.Prelude.0.Lean.Syntax.getKind.match_1... ok
Checking: Lean.identKind... ok
Checking: Lean.Syntax.getKind... ok
Checking: Lean.Syntax.isOfKind... ok
Checking: Inhabited.recOn... ok
Checking: SeqRight.casesOn... ok
Checking: Array.mkArray7... ok
Checking: Nonempty.recOn... ok
Checking: ByteArray.IsValidUTF8.rec... ok
Checking: HOr.mk.noConfusion... ok
Checking: ShiftRight.casesOn... ok
Checking: MonadLiftT.rec... ok
Checking: MonadLiftT.recOn... ok
Checking: String.isValidUTF8... ok
Checking: Trans.casesOn... ok
Checking: Bool.dcond... ok
Checking: Lean.Macro.Context.rec... ok
Checking: Lean.Macro.Context.casesOn... ok
Checking: Lean.Macro.Context.noConfusionType... ok
Checking: Lean.Macro.Context.noConfusion... ok
Checking: Lean.Macro.Context.mk.noConfusion... ok
Checking: MonadEvalT.noConfusion... ok
Checking: MonadEvalT.mk.noConfusion... ok
Checking: instLEFin... ok
Checking: HAnd.noConfusion... ok
Checking: Or.neg_resolve_left... ok
Checking: Seq.noConfusionType... ok
Checking: Lean.nullKind... ok
Checking: Array.get!Internal... ok
Checking: Lean.Syntax.getOptional?... ok
Checking: Lean.choiceKind... ok
Checking: Trans.noConfusionType... ok
Checking: Trans.noConfusion... ok
Checking: Trans.mk.noConfusion... ok
Checking: HPow.noConfusion... ok
Checking: HPow.mk.noConfusion... ok
Checking: ShiftRight.noConfusionType... ok
Checking: DecidableLT... ok
Checking: Lean.Name.mkStr6... ok
Checking: Lean.ParserDescr.sepBy1.noConfusion... ok
Checking: Lean.Syntax.Preresolved.rec... ok
Checking: Lean.Syntax.Preresolved.casesOn... ok
Checking: Lean.Syntax.Preresolved.noConfusionType... ok
Checking: Lean.Syntax.Preresolved.noConfusion... ok
Checking: Lean.Syntax.isNodeOf... ok
Checking: Lean.Syntax.matchesNull... ok
Checking: EStateM.adaptExcept.match_1... ok
Checking: Fin.decLe... ok
Checking: SMul.recOn... ok
Checking: Bind.recOn... ok
Checking: UInt64.noConfusionType... ok
Checking: HOrElse.casesOn... ok
Checking: HOrElse.noConfusionType... ok
Checking: HOrElse.noConfusion... ok
Checking: HOrElse.mk.noConfusion... ok
Checking: HShiftRight.casesOn... ok
Checking: HShiftRight.noConfusionType... ok
Checking: HShiftRight.noConfusion... ok
Checking: MonadLiftT.casesOn... ok
Checking: MonadLiftT.noConfusionType... ok
Checking: MonadLiftT.noConfusion... ok
Checking: MonadLiftT.mk.noConfusion... ok
Checking: Lean.Macro.State.rec... ok
Checking: Lean.Macro.State.casesOn... ok
Checking: Lean.Macro.State.noConfusionType... ok
Checking: Lean.Name.append.match_1... ok
Checking: Complement.complement... ok
Checking: _private.Init.Prelude.0.Lean.SourceInfo.getTrailingTailPos?.match_1... ok
Checking: _private.Init.Prelude.0.Lean.SourceInfo.getTrailing?.match_1... ok
Checking: Lean.SourceInfo.getTrailing?... ok
Checking: Substring.Raw.stopPos... ok
Checking: Lean.SourceInfo.getTailPos?... ok
Checking: Lean.SourceInfo.getTrailingTailPos?... ok
Checking: _private.Init.Prelude.0.Lean.eraseMacroScopesAux.match_1... ok
Checking: _private.Init.Prelude.0.Lean.eraseMacroScopesAux... ok
Checking: Lean.Name.eraseMacroScopes... ok
Checking: Lean.mkNode... ok
Checking: Lean.MonadQuotation.ctorIdx... ok
Checking: USize.toBitVec... ok
Checking: Lean.MacroScopesView.ctorIdx... ok
Checking: Subtype.noConfusion... ok
Checking: Lean.Syntax.brecOn.go... ok
Checking: Lean.Syntax.brecOn... ok
Checking: Membership.noConfusion... ok
Checking: Membership.mk.noConfusion... ok
Checking: HOr.hOr... ok
Checking: HSMul.recOn... ok
Checking: Substring.Raw.startPos... ok
Checking: Lean.MonadRef.noConfusion... ok
Checking: Lean.MonadRef.mk.noConfusion... ok
Checking: MonadExcept.rec... ok
Checking: MonadExcept.casesOn... ok
Checking: MonadExcept.noConfusionType... ok
Checking: MonadExcept.noConfusion... ok
Checking: MonadLift.mk.noConfusion... ok
Checking: Decidable.isFalse.noConfusion... ok
Checking: MProd.recOn... ok
Checking: Except.ctorIdx... ok
Checking: Except.ctorElimType... ok
Checking: Except.ctorElim... ok
Checking: Except.error.elim... ok
Checking: Subtype.recOn... ok
Checking: PUnit.casesOn... ok
Checking: HAdd.noConfusionType... ok
Checking: HAdd.noConfusion... ok
Checking: HAdd.mk.noConfusion... ok
Checking: String.Pos.Raw.ctorIdx... ok
Checking: Except.error.noConfusion... ok
Checking: USize.recOn... ok
Checking: HAndThen.recOn... ok
Checking: PULift.rec... ok
Checking: PULift.recOn... ok
Checking: MonadEval.ctorIdx... ok
Checking: Empty.recOn... ok
Checking: ShiftLeft.shiftLeft... ok
Checking: PLift.down... ok
Checking: PLift.up_down... ok
Checking: Lean.Name.append... ok
Checking: Lean.instAppendName... ok
Checking: MonadWithReader.casesOn... ok
Checking: MonadWithReader.noConfusionType... ok
Checking: Applicative.ctorIdx... ok
Checking: Lean.Macro.Methods.hasDecl... ok
Checking: Lean.Name.mkStr5... ok
Checking: Add.recOn... ok
Checking: MonadStateOf.noConfusionType... ok
Checking: MonadStateOf.noConfusion... ok
Checking: MonadStateOf.mk.noConfusion... ok
Checking: Lean.defaultMaxRecDepth... ok
Checking: List.ctorElimType... ok
Checking: List.ctorElim... ok
Checking: List.nil.elim... ok
Checking: Array.mkArray4... ok
Checking: Max.max... ok
Checking: Lean.Syntax.brecOn_2.go... ok
Checking: List.toArray... ok
Checking: Array.mkArray2... ok
Checking: Append.rec... ok
Checking: MonadFunctor.recOn... ok
Checking: LT.casesOn... ok
Checking: LT.noConfusionType... ok
Checking: PLift.noConfusionType... ok
Checking: MonadExcept.tryCatch... ok
Checking: MonadExcept.orElse... ok
Checking: MonadExcept.instOrElse... ok
Checking: letFun... ok
Checking: instLTUInt8... ok
Checking: UInt8.decLt... ok
Checking: String.ctorIdx... ok
Checking: Char.ctorIdx... ok
Checking: Array.mkArray5... ok
Checking: MonadEval.noConfusionType... ok
Checking: MonadEval.noConfusion... ok
Checking: MonadEval.mk.noConfusion... ok
Checking: MonadWithReader.noConfusion... ok
Checking: MonadWithReader.mk.noConfusion... ok
Checking: PEmpty.recOn... ok
Checking: HShiftRight.hShiftRight... ok
Checking: HOrElse.hOrElse... ok
Checking: Lean.TSyntaxArray... ok
Checking: id_eq... ok
Checking: instDecidableEqRaw.match_3... ok
Checking: instDecidableEqRaw.match_1... ok
Checking: instDecidableEqRaw._proof_1... ok
Checking: instDecidableEqRaw._proof_2... ok
Checking: instDecidableEqRaw... ok
Checking: HXor.mk.noConfusion... ok
Checking: MonadExcept.ctorIdx... ok
Checking: HAppend.mk.noConfusion... ok
Checking: Lean.fieldIdxKind... ok
Checking: MonadFunctor.monadMap... ok
Checking: MonadLift.recOn... ok
Checking: Lean.SourceInfo.noConfusion... ok
Checking: Lean.SourceInfo.synthetic.noConfusion... ok
Checking: EStateM.Result.error.elim... ok
Checking: Lean.Macro.Context.ctorIdx... ok
Checking: EStateM.instInhabited... ok
Checking: Lean.Syntax.brecOn_2... ok
Checking: HMul.noConfusion... ok
Checking: HMul.mk.noConfusion... ok
Checking: One.recOn... ok
Checking: Lean.Macro.State.ctorIdx... ok
Checking: Lean.SourceInfo.recOn... ok
Checking: OrOp.or... ok
Checking: instHOrOfOrOp... ok
Checking: LT.noConfusion... ok
Checking: LT.mk.noConfusion... ok
Checking: Lean.instInhabitedSourceInfo... ok
Checking: Lean.Name.mkStr7... ok
Checking: Lean.Macro.Exception.recOn... ok
Checking: EStateM.run... ok
Checking: EStateM.run'... ok
Checking: HomogeneousPow.ctorIdx... ok
Checking: Lean.Name.str.noConfusion... ok
Checking: HXor.ctorIdx... ok
Checking: BitVec.ctorIdx... ok
Checking: Lean.TSyntax.ctorIdx... ok
Checking: MonadExceptOf.rec... ok
Checking: MonadExceptOf.recOn... ok
Checking: OrElse.orElse... ok
Checking: instHOrElseOfOrElse... ok
Checking: Append.recOn... ok
Checking: HMod.ctorIdx... ok
Checking: Pure.mk.noConfusion... ok
Checking: Div.noConfusionType... ok
Checking: Div.noConfusion... ok
Checking: Div.mk.noConfusion... ok
Checking: instMonadFunctorTOfMonadFunctor... ok
Checking: Lean.TSyntax.recOn... ok
Checking: NatPow.mk.noConfusion... ok
Checking: ULift.up.noConfusion... ok
Checking: ByteArray.IsValidUTF8.casesOn... ok
Checking: MonadExceptOf.casesOn... ok
Checking: Lean.ParserDescr.brecOn.eq... ok
Checking: Substring.Raw.ctorIdx... ok
Checking: monadFunctorRefl... ok
Checking: Lean.MacroScopesView.recOn... ok
Checking: EStateM.instInhabitedResult... ok
Checking: instDecidableEqUSize... ok
Checking: UInt64.recOn... ok
Checking: Lean.Macro.Methods.resolveGlobalName... ok
Checking: HAnd.mk.noConfusion... ok
Checking: Complement.noConfusion... ok
Checking: MonadWithReader.ctorIdx... ok
Checking: instInhabitedUInt32._proof_1... ok
Checking: instInhabitedUInt32... ok
Checking: instInhabitedULift... ok
Checking: Lean.Macro.resolveGlobalName... ok
Checking: Lean.scientificLitKind... ok
Checking: Mul.mk.noConfusion... ok
Checking: HOr.recOn... ok
Checking: Eq.subst... ok
Checking: UInt64.decEq._proof_1... ok
Checking: UInt64.noConfusion... ok
Checking: UInt64.decEq._proof_2... ok
Checking: UInt64.decEq... ok
Checking: instDecidableEqUInt64... ok
Checking: congrFun... ok
Checking: Lean.Syntax.node7... ok
Checking: Dvd.noConfusion... ok
Checking: SeqRight.ctorIdx... ok
Checking: instDecidableOr.match_1... ok
Checking: instDecidableOr._proof_1... ok
Checking: instDecidableOr... ok
Checking: Lean.Macro.Methods.resolveNamespace... ok
Checking: Lean.Macro.resolveNamespace... ok
Checking: HomogeneousPow.pow... ok
Checking: HAdd.recOn... ok
Checking: Lean.Syntax.brecOn_2.eq... ok
Checking: String.toSubstring'... ok
Checking: Array.mkEmpty... ok
Checking: Lean.Syntax.setKind... ok
Checking: getModify... ok
Checking: Inv.ctorIdx... ok
Checking: Lean.Syntax.TSepArray.elemsAndSeps... ok
Checking: Lean.MonadRef.ctorIdx... ok
Checking: Hashable.casesOn... ok
Checking: Bind.ctorIdx... ok
Checking: ReaderT.instMonadFunctor... ok
Checking: Lean.Macro.Exception.unsupportedSyntax.elim... ok
Checking: Lean.PrettyPrinter.Unexpander... ok
Checking: Lean.Macro.Methods.getCurrNamespace... ok
Checking: UInt64.ofBitVec.noConfusion... ok
Checking: Lean.TSyntaxArray.mk... ok
Checking: Zero.mk.noConfusion... ok
Checking: Lean.Macro.Exception.noConfusion... ok
Checking: Lean.Macro.Exception.error.noConfusion... ok
Checking: instInhabitedNat... ok
Checking: Lean.Macro.instInhabitedState.default... ok
Checking: PLift.down_up... ok
Checking: UInt64.toBitVec... ok
Checking: Applicative.noConfusion... ok
Checking: instHShiftLeftOfShiftLeft... ok
Checking: Lean.instMonadRefOfMonadLiftOfMonadFunctor... ok
Checking: Append.casesOn... ok
Checking: Append.noConfusionType... ok
Checking: Max.mk.noConfusion... ok
Checking: Lean.Syntax.recOn... ok
Checking: MonadFunctorT.ctorIdx... ok
Checking: MonadExcept.ofExcept.match_1... ok
Checking: And.recOn... ok
Checking: HDiv.casesOn... ok
Checking: instInhabitedUInt16._proof_1... ok
Checking: instInhabitedUInt16... ok
Checking: Array.mkArray3... ok
Checking: Lean.Syntax.node3... ok
Checking: Inv.noConfusionType... ok
Checking: Inv.noConfusion... ok
Checking: XorOp.recOn... ok
Checking: HAnd.ctorIdx... ok
Checking: UInt16.ctorIdx... ok
Checking: instMonadWithReaderOfOfMonadFunctor... ok
Checking: OfNat.rec... ok
Checking: OfNat.casesOn... ok
Checking: Lean.Syntax.Preresolved.ctorIdx... ok
Checking: Lean.Syntax.Preresolved.ctorElimType... ok
Checking: Lean.Syntax.Preresolved.ctorElim... ok
Checking: HSub.recOn... ok
Checking: Monad.ctorIdx... ok
Checking: Sub.noConfusion... ok
Checking: Sub.mk.noConfusion... ok
Checking: SMul.ctorIdx... ok
Checking: HomogeneousPow.mk.noConfusion... ok
Checking: USize.ofBitVec.noConfusion... ok
Checking: Substring.Raw.str... ok
Checking: instMinUInt32... ok
Checking: ULift.down_up... ok
Checking: MonadReader.casesOn... ok
Checking: MonadExceptOf.noConfusionType... ok
Checking: MonadExceptOf.noConfusion... ok
Checking: MonadExceptOf.mk.noConfusion... ok
Checking: AndThen.andThen... ok
Checking: instHAndThenOfAndThen... ok
Checking: HMod.mk.noConfusion... ok
Checking: instHashableString... ok
Checking: MonadReader.noConfusionType... ok
Checking: MonadReader.noConfusion... ok
Checking: Lean.Syntax.brecOn_1.eq... ok
Checking: MonadState.ctorIdx... ok
Checking: Lean.groupKind... ok
Checking: HShiftRight.mk.noConfusion... ok
Checking: HXor.hXor... ok
Checking: HDiv.noConfusionType... ok
Checking: HDiv.noConfusion... ok
Checking: Prod.snd... ok
Checking: PULift.down_up... ok
Checking: HAndThen.mk.noConfusion... ok
Checking: AndThen.ctorIdx... ok
Checking: Lean.MonadQuotation.toMonadRef... ok
Checking: HAndThen.hAndThen... ok
Checking: Lean.ParserDescr.symbol.noConfusion... ok
Checking: Lean.Macro.addMacroScope... ok
Checking: PULift.casesOn... ok
Checking: EStateM.Backtrackable.mk.noConfusion... ok
Checking: Lean.Syntax.node1... ok
Checking: Mod.noConfusionType... ok
Checking: Mod.noConfusion... ok
Checking: Inv.inv... ok
Checking: HXor.recOn... ok
Checking: Lean.Macro... ok
Checking: Lean.mkNullNode... ok
Checking: List.recOn... ok
Checking: EStateM.Backtrackable.ctorIdx... ok
Checking: _private.Init.Prelude.0.Lean.Syntax.isIdent.match_1... ok
Checking: Lean.Syntax.isIdent... ok
Checking: OfNat.recOn... ok
Checking: instDecidableEqChar.match_1... ok
Checking: String.toSubstring... ok
Checking: Lean.MonadRef.recOn... ok
Checking: True.rec... ok
Checking: True.recOn... ok
Checking: Lean.ParserDescr.nonReservedSymbol.noConfusion... ok
Checking: List.lengthTRAux.match_1... ok
Checking: List.lengthTRAux... ok
Checking: List.lengthTR... ok
Checking: SeqLeft.recOn... ok
Checking: SMul.smul... ok
Checking: instHSMul... ok
Checking: String.noConfusion... ok
Checking: String.ofByteArray.noConfusion... ok
Checking: Nat.succ_pos... ok
Checking: Monad.noConfusionType... ok
Checking: Monad.noConfusion... ok
Checking: Bool.true.elim... ok
Checking: Array.noConfusionType... ok
Checking: Array.noConfusion... ok
Checking: Array.mk.noConfusion... ok
Checking: UInt16.decEq._proof_1... ok
Checking: UInt16.decEq._proof_2... ok
Checking: UInt16.decEq... ok
Checking: Dvd.recOn... ok
Checking: HSMul.casesOn... ok
Checking: Option.none.elim... ok
Checking: Lean.ParserDescr.parser.noConfusion... ok
Checking: Decidable.isTrue.noConfusion... ok
Checking: UInt32.recOn... ok
Checking: Lean.Name.recOn... ok
Checking: MonadExceptOf.ctorIdx... ok
Checking: _private.Init.Prelude.0.decide_eq_true.match_1_1... ok
Checking: decide_eq_true... ok
Checking: Lean.Macro.throwErrorAt... ok
Checking: Max.recOn... ok
Checking: MonadExcept.mk.noConfusion... ok
Checking: instTransEq... ok
Checking: HEq.casesOn... ok
Checking: Lean.charLitKind... ok
Checking: Lean.Macro.Context.recOn... ok
Checking: Lean.ParserDescr.cat.noConfusion... ok
Checking: HAnd.recOn... ok
Checking: UInt32.decEq._proof_1... ok
Checking: UInt32.noConfusion... ok
Checking: UInt32.decEq._proof_2... ok
Checking: UInt32.decEq... ok
Checking: Lean.Macro.State.recOn... ok
Checking: Array.recOn... ok
Checking: EStateM.Result.ok.noConfusion... ok
Checking: Lean.Syntax.node4... ok
Checking: Mul.ctorIdx... ok
Checking: Lean.MonadQuotation.withFreshMacroScope... ok
Checking: Lean.instMonadQuotationOfMonadFunctorOfMonadLift... ok
Checking: Lean.Macro.trace... ok
Checking: UInt16.recOn... ok
Checking: <anonymous>... ok
Checking: Complement.mk.noConfusion... ok
Checking: Bind.noConfusion... ok
Checking: MonadWithReaderOf.mk.noConfusion... ok
Checking: Lean.Syntax.getId... ok
Checking: Lean.Syntax.matchesIdent... ok
Checking: List.brecOn.eq... ok
Checking: OfNat.noConfusionType... ok
Checking: OfNat.noConfusion... ok
Checking: OfNat.mk.noConfusion... ok
Checking: Lean.Syntax.Preresolved.decl.noConfusion... ok
Checking: HShiftLeft.noConfusion... ok
Checking: SeqRight.noConfusionType... ok
Checking: UInt8.ofBitVec.noConfusion... ok
Checking: Fin.isLt... ok
Checking: Nat.le.recOn... ok
Checking: Mod.recOn... ok
Checking: Monad.recOn... ok
Checking: LT.ctorIdx... ok
Checking: Array.mkArray0... ok
Checking: MonadState.set... ok
Checking: instNonemptyOfInhabited... ok
Checking: Except.ok.elim... ok
Checking: Lean.Name.brecOn.eq... ok
Checking: USize.ofNatLT... ok
Checking: MonadReaderOf.recOn... ok
Checking: XorOp.xor... ok
Checking: instHXorOfXorOp... ok
Checking: Seq.noConfusion... ok
Checking: Seq.mk.noConfusion... ok
Checking: Substring.Raw.recOn... ok
Checking: Inv.mk.noConfusion... ok
Checking: Lean.Syntax.SepArray.ctorIdx... ok
Checking: Option.some.elim... ok
Checking: instInhabitedExcept... ok
Checking: UInt32.ctorIdx... ok
Checking: Bool.or... ok
Checking: HOr.ctorIdx... ok
Checking: LE.recOn... ok
Checking: Except.ok.noConfusion... ok
Checking: Lean.TrailingParserDescr... ok
Checking: NatPow.ctorIdx... ok
Checking: Lean.Syntax.node5... ok
Checking: MonadExcept.ofExcept... ok
Checking: Neg.recOn... ok
Checking: Array.ctorIdx... ok
Checking: BEq.noConfusion... ok
Checking: BEq.mk.noConfusion... ok
Checking: UInt8.recOn... ok
Checking: HAdd.ctorIdx... ok
Checking: Neg.neg... ok
Checking: AndThen.mk.noConfusion... ok
Checking: Hashable.ctorIdx... ok
Checking: Lean.MonadQuotation.getMainModule... ok
Checking: Char.valid... ok
Checking: Nat.recOn... ok
Checking: instMonadReaderOfOfMonadLift... ok
Checking: <anonymous>... ok
Checking: Lean.Macro.Methods.ctorIdx... ok
Checking: Lean.Syntax.node2... ok
Checking: Option.map... ok
Checking: Inv.recOn... ok
Checking: Mod.mk.noConfusion... ok
Checking: Applicative.mk.noConfusion... ok
Checking: HSMul.noConfusionType... ok
Checking: Substring.Raw.noConfusionType... ok
Checking: instDecidableEqUInt16... ok
Checking: instSMulOfMul... ok
Checking: EStateM.Result.recOn... ok
Checking: UInt8.size... ok
Checking: UInt8.ofNatLT... ok
Checking: instInhabitedUInt8._proof_1... ok
Checking: instInhabitedUInt8... ok
Checking: Lean.ParserDescr.node.noConfusion... ok
Checking: SeqRight.noConfusion... ok
Checking: SeqRight.mk.noConfusion... ok
Checking: Mod.ctorIdx... ok
Checking: Membership.ctorIdx... ok
Checking: One.one... ok
Checking: Membership.mem... ok
Checking: Lean.Syntax.brecOn.eq... ok
Checking: HShiftRight.recOn... ok
Checking: Append.noConfusion... ok
Checking: Append.mk.noConfusion... ok
Checking: Bool.toCtorIdx... ok
Checking: HShiftLeft.hShiftLeft... ok
Checking: Lean.TSyntaxArray.raw... ok
Checking: Substring.Raw.noConfusion... ok
Checking: MonadReader.mk.noConfusion... ok
Checking: Or.resolve_left... ok
Checking: Substring.Raw.mk.noConfusion... ok
Checking: OrOp.mk.noConfusion... ok
Checking: MonadState.get... ok
Checking: Lean.Macro.instInhabitedState... ok
Checking: MonadReaderOf.ctorIdx... ok
Checking: HAppend.recOn... ok
Checking: False.recOn... ok
Checking: instLTUInt32... ok
Checking: SMul.mk.noConfusion... ok
Checking: instDecidableNot... ok
Checking: Lean.Syntax.getArg... ok
Checking: True.casesOn... ok
Checking: instNonemptyForall... ok
Checking: ShiftRight.noConfusion... ok
Checking: ShiftRight.mk.noConfusion... ok
Checking: MonadLift.ctorIdx... ok
Checking: HSMul.ctorIdx... ok
Checking: Nat.zero.elim... ok
Checking: Lean.PrettyPrinter.instMonadQuotationUnexpandM... ok
Checking: Lean.Syntax.getArgs... ok
Checking: UInt16.toBitVec... ok
Checking: Monad.mk.noConfusion... ok
Checking: Lean.MonadRef.mkInfoFromRefPos... ok
Checking: NatPow.recOn... ok
Checking: instPowOfHomogeneousPow... ok
Checking: Subtype.mk.noConfusion... ok
Checking: Trans.ctorIdx... ok
Checking: _private.Init.Prelude.0.Lean.Syntax.getInfo?.match_1... ok
Checking: Lean.Syntax.getInfo?... ok
Checking: Lean.Syntax.Preresolved.recOn... ok
Checking: UInt32.ofBitVec.noConfusion... ok
Checking: Nonempty.casesOn... ok
Checking: _private.Init.Prelude.0.Nonempty.elim.match_1_1... ok
Checking: Nonempty.elim... ok
Checking: MonadExcept.recOn... ok
Checking: MonadWithReaderOf.recOn... ok
Checking: PLift.noConfusion... ok
Checking: PLift.up.noConfusion... ok
Checking: Max.ctorIdx... ok
Checking: BitVec.ofFin.noConfusion... ok
Checking: instInhabitedUSize... ok
Checking: Lean.Macro.instNonemptyMethodsRef... ok
Checking: Lean.Macro.mkMethods... ok
Checking: Lean.Macro.instInhabitedMethodsRef... ok
Checking: MonadReader.recOn... ok
Checking: HShiftLeft.recOn... ok
Checking: Or.intro_right... ok
Checking: instDecidableEqUInt32... ok
Checking: instDecidableEqChar... ok
Checking: Lean.Name.mkStr3... ok
Checking: Lean.ParserDescr.trailingNode.noConfusion... ok
Checking: Functor.noConfusion... ok
Checking: Functor.mk.noConfusion... ok
Checking: _private.Init.Prelude.0.of_decide_eq_false.match_1_1... ok
Checking: of_decide_eq_false... ok
Checking: List.cons.elim... ok
Checking: UInt8.ctorIdx... ok
Checking: EStateM.Result.error.noConfusion... ok
Checking: EStateM.Backtrackable.recOn... ok
Checking: HSMul.noConfusion... ok
Checking: HSMul.mk.noConfusion... ok
Checking: Lean.mkAtom... ok
Checking: Lean.Syntax.Preresolved.namespace.elim... ok
Checking: OrOp.ctorIdx... ok
Checking: instInhabitedForallOfMonad... ok
Checking: EStateM.adaptExcept... ok
Checking: Lean.ParserDescr.recOn... ok
Checking: Inhabited.mk.noConfusion... ok
Checking: MonadFunctorT.recOn... ok
Checking: Lean.Macro.getCurrNamespace... ok
Checking: BEq.recOn... ok
Checking: _private.Init.Prelude.0.eq_true_of_ne_false.match_1_1... ok
Checking: eq_true_of_ne_false... ok
Checking: Lean.Syntax.node.noConfusion... ok
Checking: Min.recOn... ok
Checking: Option.recOn... ok
Checking: List.set.match_1... ok
Checking: List.set... ok
Checking: Pow.recOn... ok
Checking: _private.Init.Prelude.0.eq_false_of_ne_true.match_1_1... ok
Checking: eq_false_of_ne_true... ok
Checking: Bool.not... ok
Checking: OrElse.ctorIdx... ok
Checking: Complement.ctorIdx... ok
Checking: Lean.Name.mkStr8... ok
Checking: Mul.recOn... ok
Checking: Seq.ctorIdx... ok
Checking: Char.mk.noConfusion... ok
Checking: HPow.ctorIdx... ok
Checking: Add.ctorIdx... ok
Checking: PProd.fst... ok
Checking: MonadFunctor.ctorIdx... ok
Checking: Or.neg_resolve_right... ok
Checking: List.cons.noConfusion... ok
Checking: ByteArray.ctorIdx... ok
Checking: AndOp.recOn... ok
Checking: XorOp.ctorIdx... ok
Checking: UInt8.decLe... ok
Checking: Lean.ParserDescr.sepBy.noConfusion... ok
Checking: PULift.noConfusionType... ok
Checking: PULift.noConfusion... ok
Checking: Bind.mk.noConfusion... ok
Checking: _private.Init.Prelude.0.instNonemptyOfMonad.match_1... ok
Checking: instNonemptyOfMonad... ok
Checking: Lean.MonadQuotation.recOn... ok
Checking: LE.ctorIdx... ok
Checking: Lean.Syntax.SepArray.elemsAndSeps... ok
Checking: OfNat.ctorIdx... ok
Checking: HDiv.mk.noConfusion... ok
Checking: Dvd.dvd... ok
Checking: Char.ofNat._proof_1... ok
Checking: Char.ofNat._proof_2... ok
Checking: Char.ofNat... ok
Checking: Hashable.noConfusionType... ok
Checking: Hashable.noConfusion... ok
Checking: Hashable.mk.noConfusion... ok
Checking: String.recOn... ok
Checking: Lean.Macro.hasDecl... ok
Checking: Lean.ParserDescr.unicodeSymbol.noConfusion... ok
Checking: _private.Init.Prelude.0.Lean.simpMacroScopesAux.match_1... ok
Checking: _private.Init.Prelude.0.Lean.simpMacroScopesAux... ok
Checking: Lean.Name.simpMacroScopes... ok
Checking: ReaderT.adapt... ok
Checking: Lean.Name.mkStr2... ok
Checking: UInt64.ctorIdx... ok
Checking: Lean.Syntax.Preresolved.decl.elim... ok
Checking: instHashableSubtype... ok
Checking: ByteArray.IsValidUTF8.recOn... ok
Checking: MProd.snd... ok
Checking: HOrElse.ctorIdx... ok
Checking: instMonadEvalOfMonadLift... ok
Checking: MonadEvalT.recOn... ok
Checking: Prod.recOn... ok
Checking: Fin.ctorIdx... ok
Checking: Lean.instInhabitedParserDescr... ok
Checking: Lean.Macro.State.noConfusion... ok
Checking: Dvd.ctorIdx... ok
Checking: HSub.ctorIdx... ok
Checking: Lean.Macro.expandMacro?... ok
Checking: Fin.mk.noConfusion... ok
Checking: HEq.recOn... ok
Checking: Dvd.mk.noConfusion... ok
Checking: Lean.Syntax.Preresolved.namespace.noConfusion... ok
Checking: _private.Init.Prelude.0.Lean.Syntax.isMissing.match_1... ok
Checking: Lean.Syntax.isMissing... ok
Checking: ShiftLeft.ctorIdx... ok
Checking: HMod.recOn... ok
Checking: Bool.recOn... ok
Checking: MonadEval.recOn... ok
Checking: Lean.Macro.Methods.recOn... ok
Checking: AndOp.ctorIdx... ok
Checking: Lean.SourceInfo.original.noConfusion... ok
Checking: UInt32.decLt... ok
Checking: MonadLiftT.ctorIdx... ok
Checking: Prod.fst... ok
Checking: PULift.up.noConfusion... ok
Checking: MProd.fst... ok
Checking: HShiftLeft.mk.noConfusion... ok
Checking: BitVec.recOn... ok

TOTAL 2046 OK 2046 FAIL 0 TIMEOUT 0 CACHED 0 OK% 100.0
OK
